<?xml version="1.0" encoding="UTF-8"?>
<!-- Generated by org.testng.reporters.JUnitReportReporter -->
<testsuite skipped="0" hostname="LM-SHC-16502576" name="com.test.mobile.SampleSauceTestAndroid" tests="1" failures="0" timestamp="06 Aug 2019 07:32:32 GMT" time="45.216" errors="0">
  <testcase name="sampleTest" time="45.216" classname="com.test.mobile.SampleSauceTestAndroid"/>
</testsuite> <!-- com.test.mobile.SampleSauceTestAndroid -->
